<?xml version="1.0" encoding="UTF-8"?>
<testng-results skipped="0" failed="0" total="1" passed="1">
  <reporter-output>
  </reporter-output>
  <suite name="Default suite" duration-ms="7456" started-at="2016-07-13T02:37:25Z" finished-at="2016-07-13T02:37:33Z">
    <groups>
    </groups>
    <test name="Default test" duration-ms="7456" started-at="2016-07-13T02:37:25Z" finished-at="2016-07-13T02:37:33Z">
      <class name="pkgartopt.helloworld">
        <test-method status="PASS" signature="setup()[pri:0, instance:pkgartopt.helloworld@7907ec20]" name="setup" is-config="true" duration-ms="7408" started-at="2016-07-12T19:37:25Z" finished-at="2016-07-12T19:37:33Z">
          <reporter-output>
          </reporter-output>
        </test-method> <!-- setup -->
        <test-method status="PASS" signature="testAllLinks()[pri:0, instance:pkgartopt.helloworld@7907ec20]" name="testAllLinks" duration-ms="34" started-at="2016-07-12T19:37:33Z" finished-at="2016-07-12T19:37:33Z">
          <reporter-output>
          </reporter-output>
        </test-method> <!-- testAllLinks -->
      </class> <!-- pkgartopt.helloworld -->
    </test> <!-- Default test -->
  </suite> <!-- Default suite -->
</testng-results>
